0 info it worked if it ends with ok
1 verbose cli [ '/Users/marcindobry/.nvm/versions/node/v5.3.0/bin/node',
1 verbose cli   '/Users/marcindobry/.nvm/versions/node/v5.3.0/bin/npm',
1 verbose cli   'run',
1 verbose cli   'tests' ]
2 info using npm@3.3.12
3 info using node@v5.3.0
4 verbose run-script [ 'pretests', 'tests', 'posttests' ]
5 info lifecycle yieldify-test@1.0.0~pretests: yieldify-test@1.0.0
6 silly lifecycle yieldify-test@1.0.0~pretests: no script for pretests, continuing
7 info lifecycle yieldify-test@1.0.0~tests: yieldify-test@1.0.0
8 verbose lifecycle yieldify-test@1.0.0~tests: unsafe-perm in lifecycle true
9 verbose lifecycle yieldify-test@1.0.0~tests: PATH: /Users/marcindobry/.nvm/versions/node/v5.3.0/lib/node_modules/npm/bin/node-gyp-bin:/Users/marcindobry/Documents/repos/yieldify-test/node_modules/.bin:/usr/local/heroku/bin:/Users/marcindobry/.nvm/versions/node/v5.3.0/bin:/Users/marcindobry/.rbenv/shims:/usr/local/bin:/usr/bin:/bin:/usr/sbin:/sbin:/Users/marcindobry/bin
10 verbose lifecycle yieldify-test@1.0.0~tests: CWD: /Users/marcindobry/Documents/repos/yieldify-test
11 silly lifecycle yieldify-test@1.0.0~tests: Args: [ '-c', 'karma start' ]
12 silly lifecycle yieldify-test@1.0.0~tests: Returned: code: 1  signal: null
13 info lifecycle yieldify-test@1.0.0~tests: Failed to exec tests script
14 verbose stack Error: yieldify-test@1.0.0 tests: `karma start`
14 verbose stack Exit status 1
14 verbose stack     at EventEmitter.<anonymous> (/Users/marcindobry/.nvm/versions/node/v5.3.0/lib/node_modules/npm/lib/utils/lifecycle.js:232:16)
14 verbose stack     at emitTwo (events.js:87:13)
14 verbose stack     at EventEmitter.emit (events.js:172:7)
14 verbose stack     at ChildProcess.<anonymous> (/Users/marcindobry/.nvm/versions/node/v5.3.0/lib/node_modules/npm/lib/utils/spawn.js:24:14)
14 verbose stack     at emitTwo (events.js:87:13)
14 verbose stack     at ChildProcess.emit (events.js:172:7)
14 verbose stack     at maybeClose (internal/child_process.js:818:16)
14 verbose stack     at Process.ChildProcess._handle.onexit (internal/child_process.js:211:5)
15 verbose pkgid yieldify-test@1.0.0
16 verbose cwd /Users/marcindobry/Documents/repos/yieldify-test
17 error Darwin 15.3.0
18 error argv "/Users/marcindobry/.nvm/versions/node/v5.3.0/bin/node" "/Users/marcindobry/.nvm/versions/node/v5.3.0/bin/npm" "run" "tests"
19 error node v5.3.0
20 error npm  v3.3.12
21 error code ELIFECYCLE
22 error yieldify-test@1.0.0 tests: `karma start`
22 error Exit status 1
23 error Failed at the yieldify-test@1.0.0 tests script 'karma start'.
23 error Make sure you have the latest version of node.js and npm installed.
23 error If you do, this is most likely a problem with the yieldify-test package,
23 error not with npm itself.
23 error Tell the author that this fails on your system:
23 error     karma start
23 error You can get their info via:
23 error     npm owner ls yieldify-test
23 error There is likely additional logging output above.
24 verbose exit [ 1, true ]
